0 info it worked if it ends with ok
1 verbose cli [ 'C:\\Program Files (x86)\\nodejs\\node.exe',
1 verbose cli   'C:\\Program Files (x86)\\nodejs\\node_modules\\npm\\bin\\npm-cli.js',
1 verbose cli   'install',
1 verbose cli   '--save',
1 verbose cli   'imagesnapjs' ]
2 info using npm@3.10.10
3 info using node@v6.10.2
4 verbose config Skipping project config: C:\Users\zmei/.npmrc. (matches userconfig)
5 silly loadCurrentTree Starting
6 silly install loadCurrentTree
7 silly install readLocalPackageData
8 silly fetchPackageMetaData imagesnapjs
9 silly fetchNamedPackageData imagesnapjs
10 silly mapToRegistry name imagesnapjs
11 silly mapToRegistry using default registry
12 silly mapToRegistry registry https://registry.npmjs.org/
13 silly mapToRegistry data Result {
13 silly mapToRegistry   raw: 'imagesnapjs',
13 silly mapToRegistry   scope: null,
13 silly mapToRegistry   escapedName: 'imagesnapjs',
13 silly mapToRegistry   name: 'imagesnapjs',
13 silly mapToRegistry   rawSpec: '',
13 silly mapToRegistry   spec: 'latest',
13 silly mapToRegistry   type: 'tag' }
14 silly mapToRegistry uri https://registry.npmjs.org/imagesnapjs
15 verbose request uri https://registry.npmjs.org/imagesnapjs
16 verbose request no auth needed
17 info attempt registry request try #1 at 14:51:04
18 verbose request id c29cc365150c1c55
19 verbose etag W/"55015883-2381"
20 verbose lastModified Thu, 12 Mar 2015 09:12:35 GMT
21 http request GET https://registry.npmjs.org/imagesnapjs
22 http 304 https://registry.npmjs.org/imagesnapjs
23 verbose headers { date: 'Thu, 11 May 2017 11:51:08 GMT',
23 verbose headers   via: '1.1 varnish',
23 verbose headers   'cache-control': 'max-age=300',
23 verbose headers   etag: 'W/"55015883-2381"',
23 verbose headers   age: '20',
23 verbose headers   connection: 'keep-alive',
23 verbose headers   'x-served-by': 'cache-hhn1544-HHN',
23 verbose headers   'x-cache': 'HIT',
23 verbose headers   'x-cache-hits': '1',
23 verbose headers   'x-timer': 'S1494503469.504444,VS0,VE0',
23 verbose headers   vary: 'Accept-Encoding' }
24 silly get cb [ 304,
24 silly get   { date: 'Thu, 11 May 2017 11:51:08 GMT',
24 silly get     via: '1.1 varnish',
24 silly get     'cache-control': 'max-age=300',
24 silly get     etag: 'W/"55015883-2381"',
24 silly get     age: '20',
24 silly get     connection: 'keep-alive',
24 silly get     'x-served-by': 'cache-hhn1544-HHN',
24 silly get     'x-cache': 'HIT',
24 silly get     'x-cache-hits': '1',
24 silly get     'x-timer': 'S1494503469.504444,VS0,VE0',
24 silly get     vary: 'Accept-Encoding' } ]
25 verbose etag https://registry.npmjs.org/imagesnapjs from cache
26 verbose get saving imagesnapjs to C:\Users\zmei\AppData\Roaming\npm-cache\registry.npmjs.org\imagesnapjs\.cache.json
27 verbose correctMkdir C:\Users\zmei\AppData\Roaming\npm-cache correctMkdir not in flight; initializing
28 silly install normalizeTree
29 silly loadCurrentTree Finishing
30 silly loadIdealTree Starting
31 silly install loadIdealTree
32 silly cloneCurrentTree Starting
33 silly install cloneCurrentTreeToIdealTree
34 silly cloneCurrentTree Finishing
35 silly loadShrinkwrap Starting
36 silly install loadShrinkwrap
37 silly loadShrinkwrap Finishing
38 silly loadAllDepsIntoIdealTree Starting
39 silly install loadAllDepsIntoIdealTree
40 silly rollbackFailedOptional Starting
41 silly rollbackFailedOptional Finishing
42 silly runTopLevelLifecycles Finishing
43 silly install printInstalled
44 verbose stack Error: Unsupported platform for imagesnapjs@0.0.7: wanted {"name":"imagesnapjs","version":"0.0.7","description":"An npm/nodejs wrapper for imagesnap","keywords":["imagesnap","webcam","image","photo","iSight","capture","imagesnapjs","darwin","osx"],"homepage":"https://github.com/danyshaanan/imagesnapjs","author":{"name":"Dany Shaanan","email":"danyshaanan@gmail.com","url":"http://danyshaanan.com/"},"os":["darwin"],"contributors":[],"license":"MIT","licenses":[{"type":"MIT","url":"https://github.com/danyshaanan/imagesnapjs/blob/master/LICENSE"}],"repository":{"type":"git","url":"git://github.com/danyshaanan/imagesnapjs.git"},"bugs":{"url":"https://github.com/danyshaanan/imagesnapjs","email":"danyshaanan@gmail.com"},"main":"./imagesnapjs.js","scripts":{"test":"grunt"},"bin":{"imagesnap":"./bin/imagesnap"},"dependencies":{},"devDependencies":{"grunt":"0.4.5","grunt-bump":"0.0.16","grunt-eslint":"4.0.0"},"gitHead":"bd10de3959ce917b52da28cfdf0cb165031be571","_id":"imagesnapjs@0.0.7","_shasum":"07df763f3317e77eb6f7af79101d879d9aeda933","_from":"imagesnapjs","_npmVersion":"1.4.28","_npmUser":{"name":"danyshaanan","email":"danyshaanan@gmail.com"},"maintainers":[{"name":"danyshaanan","email":"danyshaanan@gmail.com"}],"dist":{"shasum":"07df763f3317e77eb6f7af79101d879d9aeda933","tarball":"https://registry.npmjs.org/imagesnapjs/-/imagesnapjs-0.0.7.tgz"},"directories":{},"_resolved":"https://registry.npmjs.org/imagesnapjs/-/imagesnapjs-0.0.7.tgz","_requested":{"raw":"imagesnapjs","scope":null,"escapedName":"imagesnapjs","name":"imagesnapjs","rawSpec":"","spec":"latest","type":"tag"},"_spec":"imagesnapjs","_where":"C:\\Users\\zmei\\Desktop\\nodetest\\bot","_args":[[{"raw":"imagesnapjs","scope":null,"escapedName":"imagesnapjs","name":"imagesnapjs","rawSpec":"","spec":"latest","type":"tag"},"C:\\Users\\zmei\\Desktop\\nodetest\\bot"]],"readme":"ERROR: No README data found!"} (current: {"os":"win32","cpu":"x64"})
44 verbose stack     at checkPlatform (C:\Program Files (x86)\nodejs\node_modules\npm\node_modules\npm-install-checks\index.js:45:14)
44 verbose stack     at thenWarnEngineIssues (C:\Program Files (x86)\nodejs\node_modules\npm\lib\install\validate-args.js:41:5)
44 verbose stack     at C:\Program Files (x86)\nodejs\node_modules\npm\node_modules\iferr\index.js:13:50
44 verbose stack     at checkEngine (C:\Program Files (x86)\nodejs\node_modules\npm\node_modules\npm-install-checks\index.js:10:20)
44 verbose stack     at module.exports.isInstallable (C:\Program Files (x86)\nodejs\node_modules\npm\lib\install\validate-args.js:38:3)
44 verbose stack     at Array.<anonymous> (C:\Program Files (x86)\nodejs\node_modules\npm\node_modules\slide\lib\bind-actor.js:15:8)
44 verbose stack     at LOOP (C:\Program Files (x86)\nodejs\node_modules\npm\node_modules\slide\lib\chain.js:15:14)
44 verbose stack     at C:\Program Files (x86)\nodejs\node_modules\npm\node_modules\slide\lib\chain.js:18:7
44 verbose stack     at checkSelf (C:\Program Files (x86)\nodejs\node_modules\npm\lib\install\validate-args.js:46:72)
44 verbose stack     at Array.<anonymous> (C:\Program Files (x86)\nodejs\node_modules\npm\node_modules\slide\lib\bind-actor.js:15:8)
45 verbose pkgid imagesnapjs@0.0.7
46 verbose cwd C:\Users\zmei\Desktop\nodetest\bot
47 error Windows_NT 6.1.7601
48 error argv "C:\\Program Files (x86)\\nodejs\\node.exe" "C:\\Program Files (x86)\\nodejs\\node_modules\\npm\\bin\\npm-cli.js" "install" "--save" "imagesnapjs"
49 error node v6.10.2
50 error npm  v3.10.10
51 error code EBADPLATFORM
52 error notsup Unsupported platform for imagesnapjs@0.0.7: wanted {"os":"darwin","arch":"any"} (current: {"os":"win32","arch":"x64"})
53 error notsup Valid OS:    darwin
53 error notsup Valid Arch:  any
53 error notsup Actual OS:   win32
53 error notsup Actual Arch: x64
54 verbose exit [ 1, true ]
